<?xml version="1.0" encoding="UTF-8"?>
<testsuite xmlns:xsi="http://www.w3.org/2001/XMLSchema-instance" xsi:noNamespaceSchemaLocation="https://maven.apache.org/surefire/maven-surefire-plugin/xsd/surefire-test-report-3.0.xsd" version="3.0" name="step_deffination.TestRunner1" time="26.53" tests="1" errors="0" skipped="0" failures="0">
  <properties>
[...]
</properties>
  <testcase name="runScenario[&quot;verify the user is able to generate QR code&quot;, &quot;Cyclose Login Functionality&quot;](1)" classname="step_deffination.TestRunner1" time="23.502">
    <system-out><![CDATA[
@Regression @Excel
&amp#27;[1mScenario:&amp#27;[22m verify the user is able to generate QR code &amp#27;[90m# featureFile/login.feature:27&amp#27;[39m
---open the Excel sheet
  &amp#27;[32m✔&amp#27;[39m &amp#27;[32m&amp#27;[1mGiven &amp#27;[22mIf user is on home page&amp#27;[39m                     &amp#27;[90m# step_deffination.Cyclose_Logintestscript.if_user_is_an_home_page()&amp#27;[39m
  &amp#27;[32m✔&amp#27;[39m &amp#27;[32m&amp#27;[1mWhen &amp#27;[22mclick on login link&amp#27;[39m                          &amp#27;[90m# step_deffination.Cyclose_Logintestscript.click_on_login_link()&amp#27;[39m
  &amp#27;[32m✔&amp#27;[39m &amp#27;[32m&amp#27;[1mAnd &amp#27;[22mEnter the username &amp#27;[1m"demo"&amp#27;[22m and password &amp#27;[1m"1234"&amp#27;[22m&amp#27;[39m &amp#27;[90m# step_deffination.Cyclose_Logintestscript.enter_the_username_and_password(java.lang.String,java.lang.String)&amp#27;[39m
  &amp#27;[32m✔&amp#27;[39m &amp#27;[32m&amp#27;[1mAnd &amp#27;[22mclick on submit button&amp#27;[39m                        &amp#27;[90m# step_deffination.Cyclose_Logintestscript.click_on_submit_button()&amp#27;[39m
  &amp#27;[32m✔&amp#27;[39m &amp#27;[32m&amp#27;[1mAnd &amp#27;[22mClick on Banking link and received QR code&amp#27;[39m    &amp#27;[90m# step_deffination.Cyclose_QRTestScript.click_on_banking_link_and_received_qr_code()&amp#27;[39m
  &amp#27;[32m✔&amp#27;[39m &amp#27;[32m&amp#27;[1mAnd &amp#27;[22mEnter the amount &amp#27;[1m"20"&amp#27;[22m&amp#27;[39m                         &amp#27;[90m# step_deffination.Cyclose_QRTestScript.enter_the_amount(java.lang.String)&amp#27;[39m
  &amp#27;[32m✔&amp#27;[39m &amp#27;[32m&amp#27;[1mAnd &amp#27;[22mClick on Generate QRcode&amp#27;[39m                      &amp#27;[90m# step_deffination.Cyclose_QRTestScript.click_on_generate_q_rcode()&amp#27;[39m
  &amp#27;[32m✔&amp#27;[39m &amp#27;[32m&amp#27;[1mThen &amp#27;[22mCheck QR code title&amp#27;[39m                          &amp#27;[90m# step_deffination.Cyclose_QRTestScript.check_qr_code_title()&amp#27;[39m
---close the Excel sheet
]]></system-out>
    <system-err><![CDATA[Dec 19, 2025 8:20:25 PM org.openqa.selenium.devtools.CdpVersionFinder findNearestMatch
WARNING: Unable to find an exact match for CDP version 143, returning the closest version; found: 142; Please update to a Selenium version that supports CDP version 143
]]></system-err>
  </testcase>
</testsuite>